
GET /books 2024-10-24_09:50:11
GET /products 2024-10-24_09:50:18
GET / 2024-10-24_09:53:46
GET /users 2024-10-24_09:53:57
GET /users 2024-10-24_09:54:01
GET /users 2024-10-24_09:54:13
GET /users 2024-10-24_09:57:28
GET /books 2024-10-24_09:58:57
GET / 2024-10-24_09:59:03
GET /api/books 2024-10-25_11:04:17
GET /api/books/ 2024-10-25_11:04:27
GET /api/books/ 2024-10-25_11:05:45
GET /api/books/ 2024-10-25_11:06:02
GET /api/books 2024-10-25_11:06:11
GET /api/books 2024-10-25_11:07:05
GET /api/books 2024-10-25_11:07:40
GET /api/books 2024-10-25_11:08:30
GET /api/books 2024-10-25_11:08:40
GET /api/books 2024-10-28_04:57:05
GET /api/books 2024-10-28_04:58:16
GET /api/books 2024-10-28_05:05:12
GET /api/books 2024-10-28_05:05:36
GET /api/books 2024-10-28_05:05:43
GET /api/books 2024-10-28_05:06:02
GET /api/books/1 2024-10-28_05:15:51
GET /api/books/1 2024-10-28_05:18:11
GET /api/books/1 2024-10-28_05:20:49
GET /api/books/1 2024-10-28_05:21:39
GET /api/books/1 2024-10-28_05:22:26
GET /api/books/1 2024-10-28_05:22:36
GET /api/books/1 2024-10-28_05:23:20
GET /api/books/1 2024-10-28_05:23:56
GET /api/books/1 2024-10-28_05:49:35
GET /api/books/100 2024-10-28_05:49:46
GET /api/books/100 2024-10-28_05:52:18
GET /api/books/100 2024-10-28_05:53:35
GET /api/books/1 2024-10-28_05:53:41
GET /api/books/1 2024-10-28_05:54:33
GET /api/books/1 2024-10-28_05:54:48
GET /api/books/1 2024-10-28_05:54:57
GET /api/books/1 2024-10-28_05:55:36
GET /api/books/1 2024-10-28_06:02:09
GET /api/books/1 2024-10-28_06:20:17
GET /api/books/12 2024-10-28_06:23:53
GET /api/books/12 2024-10-28_06:37:35
GET /api/books/12 2024-10-28_06:38:30
GET /api/books/1 2024-10-28_06:43:09
GET /api/books/12 2024-10-28_06:45:36
GET /api/books/1 2024-10-28_06:45:50
GET /api/books/1 2024-10-28_06:50:27
GET /api/books/1 2024-10-28_06:52:54
GET /api/books/1 2024-10-28_06:53:28
GET /api/books/1 2024-10-28_06:53:48
GET /api/books/1 2024-10-28_06:54:04
GET /api/books/12 2024-10-28_06:57:55
GET /api/books/1 2024-10-28_06:58:01
GET /api/books/1 2024-10-28_08:18:01
GET /api/books/12 2024-10-28_08:18:05
GET /api/books/1 2024-10-28_08:18:09
POST /api/books 2024-10-28_08:34:13
POST /api/books 2024-10-28_08:34:40
POST /api/books 2024-10-28_08:35:30
POST /api/books 2024-10-28_08:51:29
POST /api/books 2024-10-28_08:51:42
POST /api/books 2024-10-28_09:00:08
POST /api/books 2024-10-28_09:01:00
POST /api/books/1 2024-10-28_09:17:08
PUT /api/books/1 2024-10-28_09:17:57
PUT /api/books/1 2024-10-28_09:21:08
PUT /api/books/1 2024-10-28_09:21:27
PUT /api/books/1 2024-10-28_09:21:38
PUT /api/books/1 2024-10-28_09:21:51
PUT /api/books/1 2024-10-28_09:22:01
PUT /api/books/1 2024-10-28_09:24:34
PUT /api/books/1 2024-10-28_09:25:06
PUT /api/books/1 2024-10-28_09:25:11
PUT /api/books/1 2024-10-28_09:25:25
PUT /api/books/1 2024-10-28_09:28:32
PUT /api/books/1 2024-10-28_09:29:07
DELETE /api/books/1 2024-10-29_11:28:20
DELETE /api/books/1 2024-10-29_11:29:13
DELETE /api/books/1 2024-10-29_11:29:41
DELETE /api/books/2 2024-10-29_11:29:46
DELETE /api/books/1 2024-10-29_11:30:02
GET /api/books 2024-10-29_10:41:12
GET /api/books 2024-10-29_10:56:58
POST /api/books 2024-10-29_10:57:28
GET /api/books 2024-10-29_10:58:42
POST /api/books 2024-10-30_01:26:29
POST /api/books 2024-10-30_01:26:55
POST /api/books 2024-10-30_01:27:02
POST /api/books 2024-10-30_01:27:24
POST /api/books 2024-10-30_01:31:00
POST /api/books 2024-10-30_01:31:32
POST /api/books 2024-10-30_01:31:49
POST /api/books 2024-10-30_01:32:00
POST /api/books 2024-10-30_01:32:14
POST /api/books 2024-10-30_01:32:19
POST /api/books 2024-10-30_01:33:26
POST /api/books 2024-10-30_01:33:32
POST /api/books 2024-10-30_01:41:41
POST /api/books 2024-10-30_03:11:42
POST /api/books 2024-10-30_03:48:42
GET /api/books/1 2024-10-30_03:48:51
GET /api/books 2024-10-30_03:49:05
GET /api/books 2024-10-30_03:49:41
GET /api/books 2024-10-30_03:50:30
GET /api/books 2024-10-30_03:51:35
GET /api/books 2024-10-30_03:51:52
GET /api/books 2024-10-30_03:54:50
POST /api/books/67222986ab5ad8faa20bd6e6 2024-10-30_04:02:38
GET /api/books/67222986ab5ad8faa20bd6e6 2024-10-30_04:02:50
GET /api/books/67222986ab5ad8faa20bd6e6 2024-10-30_04:04:52
GET /api/books/67222986ab5ad8faa20bd6e6 2024-10-30_04:24:37
GET /api/books/67222986ab5ad8faa20bd6e 2024-10-30_04:24:43
GET /api/books/67222986ab5ad8faa20bd6e6 2024-10-30_04:24:47
GET /api/books/67222986ab5ad8faa20bd6e6 2024-10-30_04:31:06
POST /api/books/67222986ab5ad8faa20bd6e6 2024-10-30_04:32:26
PUT /api/books/67222986ab5ad8faa20bd6e6 2024-10-30_04:32:47
PUT /api/books/67222986ab5ad8faa20bd6e6 2024-10-30_04:32:59
GET /api/books 2024-10-30_04:34:57
PATCH /api/books/67222986ab5ad8faa20bd6e6 2024-10-30_04:44:04
PATCH /api/books/67222986ab5ad8faa20bd6e6/favourite 2024-10-30_04:44:46
PATCH /api/books/67222986ab5ad8faa20bd6e6/favourite 2024-10-30_04:45:24
DELETE /api/books/67222986ab5ad8faa20bd6e6 2024-10-30_04:48:40
POST /api/books/ 2024-10-30_04:49:17
POST /api/books/ 2024-10-30_04:49:28
POST /api/books/ 2024-10-30_04:49:36
POST /api/books 2024-10-30_04:49:50
POST /api/books 2024-10-30_04:50:05
GET /api/books 2024-10-30_04:50:14
POST /api/auth/register 2024-11-05_10:32:39
POST /api/auth/register 2024-11-05_10:34:58
POST /api/auth/register 2024-11-05_10:35:37
POST /api/auth/register 2024-11-05_10:35:39
POST /api/auth/register 2024-11-05_10:36:28
POST /api/auth/register 2024-11-05_10:38:38
POST /api/auth/register 2024-11-06_05:51:44
POST /api/auth/register 2024-11-06_05:52:41
POST /api/auth/login 2024-11-06_06:14:42
POST /api/auth/login 2024-11-06_06:17:58
POST /api/auth/login 2024-11-06_06:18:42
POST /api/auth/login 2024-11-06_06:21:20
POST /api/auth/login 2024-11-06_06:21:35
POST /api/auth/login 2024-11-06_06:21:42
POST /api/auth/login 2024-11-06_06:24:06
POST /api/auth/login 2024-11-06_06:24:29
POST /api/auth/login 2024-11-06_06:30:57
POST /api/auth/login 2024-11-06_09:21:27
POST /api/auth/login 2024-11-06_09:23:52
POST /api/auth/login 2024-11-06_09:27:03
POST /api/auth/login 2024-11-06_09:27:45
POST /api/auth/login 2024-11-06_09:29:32
POST /api/books/ 2024-11-06_10:34:42
POST /api/books/ 2024-11-06_10:37:16
POST /api/books/ 2024-11-06_10:39:49
POST /api/books/ 2024-11-06_10:40:59
POST /api/books/ 2024-11-06_10:42:50
POST /api/books/ 2024-11-06_10:47:55
POST /api/auth/login 2024-11-06_10:48:07
POST /api/books/ 2024-11-06_10:48:57
POST /api/books/ 2024-11-06_10:51:13
POST /api/books/ 2024-11-06_10:52:56
POST /api/books/ 2024-11-06_10:53:17
POST /api/books/ 2024-11-06_10:53:34
POST /api/books/ 2024-11-06_10:53:54
POST /api/books/ 2024-11-06_10:54:13
POST /api/books/ 2024-11-06_10:54:26
POST /api/books/ 2024-11-06_10:54:53
POST /api/books/ 2024-11-06_10:55:10
POST /api/books/ 2024-11-06_10:55:40
POST /api/books/ 2024-11-06_10:55:45
POST /api/books/ 2024-11-06_10:57:26
POST /api/books/ 2024-11-06_11:00:09
POST /api/books/ 2024-11-06_11:00:22
POST /api/books/ 2024-11-06_11:00:28
POST /api/auth/login 2024-11-07_02:04:04
POST /api/auth/register 2024-11-07_02:04:14
POST /api/auth/login 2024-11-07_02:04:20
POST /api/books/ 2024-11-07_02:46:44
POST /api/books/ 2024-11-07_02:47:18
POST /api/books/ 2024-11-07_02:48:31
POST /api/books/ 2024-11-07_02:55:50
GET /api/books 2024-11-07_02:55:56
POST /api/books/ 2024-11-07_03:00:37
POST /api/books/ 2024-11-07_03:00:55
GET /api/books 2024-11-07_03:01:21
POST /api/auth/login 2024-11-07_03:01:48
POST /api/auth/register 2024-11-07_03:02:12
POST /api/auth/login 2024-11-07_03:02:34
GET /api/books 2024-11-07_03:02:45
GET /api/books 2024-11-07_03:02:53
GET /api/books 2024-11-07_03:04:42
POST /api/books/ 2024-11-07_03:05:22
GET /api/books 2024-11-07_03:05:37
POST /api/books/ 2024-11-07_03:05:50
GET /api/books 2024-11-07_03:05:54
POST /api/books/ 2024-11-07_03:12:43
GET /api/books 2024-11-07_03:12:47
GET /api/books 2024-11-07_03:12:50
GET /api/books?page=5&limit=10 2024-11-07_03:21:58
GET /api/books?page=5&limit=10 2024-11-07_03:23:33
GET /api/books?page=5&limit=10 2024-11-07_03:23:57
GET /api/books?page=5&limit=10 2024-11-07_04:39:17
GET /api/books?page=5&limit=10 2024-11-07_04:39:25
GET /api/books 2024-11-07_04:39:37
GET /api/books 2024-11-07_04:40:39
GET /api/books 2024-11-07_04:41:34
GET /api/books 2024-11-07_04:41:56
GET /api/auth/current 2024-11-07_04:58:50
POST /api/auth/login 2024-11-07_04:59:04
POST /api/auth/login 2024-11-07_04:59:07
GET /api/auth/current 2024-11-07_04:59:27
GET /api/auth/current 2024-11-07_04:59:29
GET /api/auth/current 2024-11-07_05:00:06
POST /api/auth/login 2024-11-07_05:05:57
GET /api/auth/logout 2024-11-07_05:18:27
GET /api/auth/logout 2024-11-07_05:18:48
GET /api/auth/current 2024-11-07_05:19:10
GET /api/auth/logout 2024-11-07_05:19:24
GET /api/auth/logout 2024-11-07_05:20:29
POST /api/auth/logout 2024-11-07_05:22:24
GET /api/books 2024-11-07_05:26:15
POST /api/auth/register 2024-11-08_01:08:38
POST /api/auth/register 2024-11-08_01:12:00
POST /api/auth/register 2024-11-08_01:13:11
POST /api/auth/register 2024-11-09_11:44:40
POST /api/auth/login 2024-11-09_11:46:41
GET /api/books 2024-11-09_11:46:54
GET /api/books 2024-11-09_11:47:01
POST /api/books/ 2024-11-09_11:47:28
GET /api/users 2024-11-09_11:47:39
GET /api/users 2024-11-09_11:47:43
GET /api/users 2024-11-09_11:50:29
GET /api/books 2024-11-09_11:50:51
GET /api/books 2024-11-09_11:51:13
GET /api/books?page=1&limit=10 2024-11-09_11:52:09
GET /api/user 2024-11-09_11:52:26
GET /api/users 2024-11-09_11:52:35
POST /api/auth/login 2024-11-09_11:53:16
GET /api/users 2024-11-09_11:53:36
GET /api/users 2024-11-09_11:58:13
GET /api/users 2024-11-09_11:58:52
GET /api/books 2024-11-09_12:00:24
GET /api/books/ 2024-11-09_12:00:28
GET /api/auth/login 2024-11-09_12:00:39
GET /api/auth/login 2024-11-09_12:02:00
POST /api/auth/login 2024-11-09_12:02:18
POST /api/auth/login 2024-11-09_12:03:44
POST /api/auth/login 2024-11-09_12:04:28
POST /api/auth/login 2024-11-09_12:05:01
POST /api/auth/current 2024-11-09_12:05:23
POST /api/auth/current 2024-11-09_12:05:31
GET /api/books 2024-11-09_12:05:53
GET /api/users 2024-11-09_12:06:05
GET /users 2024-11-09_12:07:22
GET /api/books/ 2024-11-09_12:11:01
GET /api/books/ 2024-11-09_12:11:42
GET /api/books 2024-11-09_12:12:06
GET /api/books 2024-11-09_12:13:32
GET /api/auth/current 2024-11-09_12:15:37
GET /api/auth/current 2024-11-09_12:15:40
GET /api/auth/login 2024-11-09_12:15:47
GET /api/auth/login 2024-11-09_12:16:37
POST /api/auth/login 2024-11-09_12:16:45
POST /api/books 2024-11-09_12:17:07
POST /api/books 2024-11-09_12:20:02
GET /api/books 2024-11-09_12:21:17
POST /api/books 2024-11-09_12:21:36
GET /api/books 2024-11-09_12:21:41
GET /users 2024-11-09_12:22:06
GET /api/users 2024-11-09_12:22:30
GET /api/current 2024-11-09_12:23:43
GET /current 2024-11-09_12:23:54
GET /api/auth/current 2024-11-09_12:24:20
GET /api/auth/avatars 2024-11-09_12:56:29
POST /api/auth/avatars 2024-11-09_12:57:29
PATCH /api/auth/avatars 2024-11-09_12:57:36
PATCH /api/auth/avatars 2024-11-09_01:04:16
PATCH /api/auth/avatars 2024-11-09_01:09:33
PATCH /api/auth/avatars 2024-11-09_01:13:56
PATCH /api/auth/avatars 2024-11-09_01:15:03
PATCH /api/auth/avatars 2024-11-09_01:15:46
PATCH /api/auth/avatars 2024-11-09_01:19:59
PATCH /api/auth/avatars 2024-11-09_01:20:11
PATCH /api/auth/avatars 2024-11-09_01:20:12
PATCH /api/auth/avatars 2024-11-09_01:20:18
PATCH /api/auth/avatars 2024-11-09_01:20:23
PATCH /api/auth/avatars 2024-11-09_01:30:32
PATCH /api/auth/avatars 2024-11-09_01:31:01
PATCH /api/auth/avatars 2024-11-09_01:32:26
PATCH /api/auth/avatars 2024-11-09_01:32:29